<?xml version="1.0" encoding="UTF-8"?>
<testng-results skipped="0" failed="0" ignored="0" total="1" passed="1">
  <reporter-output>
  </reporter-output>
  <suite name="Default suite" duration-ms="16189" started-at="2022-07-22T23:07:14 IST" finished-at="2022-07-22T23:07:30 IST">
    <groups>
    </groups>
    <test name="Default test" duration-ms="16189" started-at="2022-07-22T23:07:14 IST" finished-at="2022-07-22T23:07:30 IST">
      <class name="com.RedBus.HomePage">
        <test-method status="PASS" signature="test()[pri:0, instance:com.RedBus.HomePage@1a8a8f7c]" name="test" duration-ms="16140" started-at="2022-07-22T23:07:14 IST" finished-at="2022-07-22T23:07:30 IST">
          <reporter-output>
          </reporter-output>
        </test-method> <!-- test -->
      </class> <!-- com.RedBus.HomePage -->
    </test> <!-- Default test -->
  </suite> <!-- Default suite -->
</testng-results>
